     1                                  bits 32                                                                                         
     2                                  global start        
     3                                  extern exit               
     4                                  import exit msvcrt.dll    
     5                                                            
     6                                  segment data use32 class=data
     7 00000000 00                          a db 256
     7          ******************       warning: byte data exceeds bounds [-w+number-overflow]
     8 00000001 01                          b db 1
     9                                  
    10                                  
    11                                  segment code use32 class=code
    12                                      start:
    13                                          ; 256*1-excersise 23 from Simple Excersises
    14 00000000 A0[00000000]                    mov AL, [a]
    15 00000005 8A1D[01000000]                  mov BL, [b]
    16 0000000B F6E3                            mul BL
    17                                          
    18                                          
    19                                          
    20                                          
    21                                          
    22                                          
    23                                          
    24                                          
    25                                          
    26 0000000D 6A00                            push    dword 0      ; push the parameter for exit onto the stack
    27 0000000F FF15[00000000]                  call    [exit]       ; call exit to terminate the program
