     1                                  bits 32                                                                                         
     2                                  global start        
     3                                  extern exit               
     4                                  import exit msvcrt.dll    
     5                                                            
     6                                  segment data use32 class=data
     7 00000000 8000                        a dw 128
     8 00000002 8000                        b dw 128
     9 00000004 F000                        c dw 240
    10 00000006 0F00                        d dw 15
    11                                  
    12                                  
    13                                  segment code use32 class=code
    14                                      start:
    15                                          ; (a+b-c)-d from additions, substractions, all variables as words
    16 00000000 A0[00000000]                    mov AL, [a]
    17 00000005 0205[02000000]                  add AL, [b]
    18 0000000B 0205[04000000]                  add AL, [c]
    19                                          
    20 00000011 8A1D[06000000]                  mov BL, [d]
    21 00000017 021D[06000000]          	  add BL,[d]
    22                                          
    23 0000001D 28D8                            sub AL, BL
    24                                       
    25                                          
    26                                          
    27 0000001F 6A00                            push    dword 0      ; push the parameter for exit onto the stack
    28 00000021 FF15[00000000]                  call    [exit]       ; call exit to terminate the program
